c:\users\richard\documents\github\directxassignment\directx3d\debug\vc120.pdb
c:\users\richard\documents\github\directxassignment\directx3d\debug\vc120.idb
c:\users\richard\documents\github\directxassignment\directx3d\debug\main.obj
c:\users\richard\documents\github\directxassignment\directx3d\debug\handler.obj
c:\users\richard\desktop\directx3d\debug\vc120.pdb
c:\users\richard\desktop\directx3d\debug\vc120.idb
c:\users\richard\desktop\directx3d\debug\cameraclass.obj
c:\users\richard\desktop\directx3d\debug\d3dclass.obj
c:\users\richard\desktop\directx3d\debug\inputclass.obj
c:\users\richard\desktop\directx3d\debug\main.obj
c:\users\richard\desktop\directx3d\debug\soundclass.obj
c:\users\richard\desktop\directx3d\debug\graphicsclass.obj
c:\users\richard\desktop\directx3d\debug\systemclass.obj
c:\users\richard\documents\github\directxassignment\directx3d\debug\directx3d.ilk
c:\users\richard\documents\github\directxassignment\directx3d\debug\directx3d.exe
c:\users\richard\documents\github\directxassignment\directx3d\debug\directx3d.pdb
c:\users\richard\desktop\directx3d\debug\directx3d.ilk
c:\users\richard\desktop\directx3d\debug\directx3d.exe
c:\users\richard\desktop\directx3d\debug\directx3d.pdb
c:\users\richard\desktop\directx3d\debug\handler.obj
c:\users\richard\desktop\directx3d\debug\directx3d.tlog\cl.command.1.tlog
c:\users\richard\desktop\directx3d\debug\directx3d.tlog\cl.read.1.tlog
c:\users\richard\desktop\directx3d\debug\directx3d.tlog\cl.write.1.tlog
c:\users\richard\desktop\directx3d\debug\directx3d.tlog\link.command.1.tlog
c:\users\richard\desktop\directx3d\debug\directx3d.tlog\link.read.1.tlog
c:\users\richard\desktop\directx3d\debug\directx3d.tlog\link.write.1.tlog
